********************************************************************************
**** Starting ASP.NET Setup at: 2018-07-30 10:28:49
**** Registering ASP.NET isapi: c:\Windows\Microsoft.NET\Framework64\v4.0.30319\aspnet_isapi.dll
**** Internal flags: 0x00000404
********************************************************************************

2018-07-30 10:28:49	Starting	Stopping service: aspnet_state
2018-07-30 10:28:49		Starting	Connecting to Service Manager
2018-07-30 10:28:49		Success 	Connecting to Service Manager
2018-07-30 10:28:49		Starting	Opening Service handle
2018-07-30 10:28:49		Success 	Opening Service handle
2018-07-30 10:28:49		Starting	Stopping service
2018-07-30 10:28:49			Starting	Finding out service state
2018-07-30 10:28:49			Success 	Finding out service state
2018-07-30 10:28:49			Starting	Shutting down service
2018-07-30 10:28:49			Success 	Shutting down service
2018-07-30 10:28:49			Starting	Waiting for service to shut down
2018-07-30 10:28:49			Success 	Waiting for service to shut down
2018-07-30 10:28:49		Success 	Stopping service
2018-07-30 10:28:49	Success 	Stopping service: aspnet_state
2018-07-30 10:28:49	Starting	Changing IIS ApplicationHost.config
2018-07-30 10:28:49	Success 	Changing IIS ApplicationHost.config
2018-07-30 10:28:49	Starting	Determining if current ASP.NET isapi has the highest version
2018-07-30 10:28:49	Success 	Determining if current ASP.NET isapi has the highest version
2018-07-30 10:28:49	Starting	Installing WMI file:aspnet.mof
2018-07-30 10:28:50	Success 	Installing WMI file:aspnet.mof
2018-07-30 10:28:50	Starting	Setting ACLs on dirs and WMI
2018-07-30 10:28:50		Starting	Getting location of Temporary ASP.Net directory
2018-07-30 10:28:50		Success 	Getting location of Temporary ASP.Net directory
2018-07-30 10:28:50		Starting	Setting ACLs on Temporary ASP.Net directory
2018-07-30 10:28:50		Success 	Setting ACLs on Temporary ASP.Net directory
2018-07-30 10:28:50		Starting	Setting ACLs on install root directory
2018-07-30 10:28:50		Success 	Setting ACLs on install root directory
2018-07-30 10:28:50		Starting	Setting ACLs on config directory
2018-07-30 10:28:50		Success 	Setting ACLs on config directory
2018-07-30 10:28:50		Starting	Grant access to WMI namespace: root\aspnet
2018-07-30 10:28:50		Success 	Grant access to WMI namespace: root\aspnet
2018-07-30 10:28:50	Success 	Setting ACLs on dirs and WMI
2018-07-30 10:28:50	Starting	Install all ASP.NET Services
2018-07-30 10:28:50		Starting	Getting credentials for the service account
2018-07-30 10:28:50		Success 	Getting credentials for the service account
2018-07-30 10:28:50		Starting	Connecting to Service Manager
2018-07-30 10:28:50		Success 	Connecting to Service Manager
2018-07-30 10:28:50		Starting	aspnet_state
2018-07-30 10:28:50		Success 	aspnet_state
2018-07-30 10:28:50		Starting	Reading various service settings for: aspnet_state
2018-07-30 10:28:50		Success 	Reading various service settings for: aspnet_state
2018-07-30 10:28:50		Starting	Executing inf section: StateService.Install
2018-07-30 10:28:50		Success 	Executing inf section: 
2018-07-30 10:28:50		Starting	Locking service database
2018-07-30 10:28:50		Success 	Locking service database
2018-07-30 10:28:50		Starting	Opening Service handle
2018-07-30 10:28:50		Success 	Opening Service handle
2018-07-30 10:28:50		Starting	Writing back various service settings for: aspnet_state
2018-07-30 10:28:50			Starting	Changing the service startup type
2018-07-30 10:28:50			Success 	Changing the service startup type
2018-07-30 10:28:50		Success 	Writing back various service settings for: aspnet_state
2018-07-30 10:28:50		Starting	Changing service account and password
2018-07-30 10:28:50		Success 	Changing service account and password
2018-07-30 10:28:50	Success 	Install all ASP.NET Services
2018-07-30 10:28:50	Starting	Executing inf section: MmcAspNetExtCOMComponents.Install
2018-07-30 10:28:50	Success 	Executing inf section: MmcAspNetExtCOMComponents.Install
2018-07-30 10:28:50	Starting	Install the ASP.NET Performance counters
2018-07-30 10:28:50	Success 	Install the ASP.NET Performance counters
2018-07-30 10:28:50	Starting	Install common performance counters
2018-07-30 10:28:51	Success 	Install common performance counters
2018-07-30 10:28:51	Starting	Starting service: aspnet_state
2018-07-30 10:28:51	Success 	Starting service: aspnet_state
