********************************************************************************
**** Starting ASP.NET Setup at: 2018-07-18 20:54:21
**** Registering ASP.NET isapi: C:\Windows\Microsoft.NET\Framework\v4.0.30319\aspnet_isapi.dll
**** Internal flags: 0x00000404
********************************************************************************

2018-07-18 20:54:21	Starting	Stopping service: aspnet_state
2018-07-18 20:54:21		Starting	Connecting to Service Manager
2018-07-18 20:54:21		Success 	Connecting to Service Manager
2018-07-18 20:54:21		Starting	Opening Service handle
2018-07-18 20:54:21		Success 	Opening Service handle
2018-07-18 20:54:21		Starting	Stopping service
2018-07-18 20:54:21			Starting	Finding out service state
2018-07-18 20:54:21			Success 	Finding out service state
2018-07-18 20:54:21			Starting	Shutting down service
2018-07-18 20:54:21			Success 	Shutting down service
2018-07-18 20:54:21			Starting	Waiting for service to shut down
2018-07-18 20:54:21			Success 	Waiting for service to shut down
2018-07-18 20:54:21		Success 	Stopping service
2018-07-18 20:54:21	Success 	Stopping service: aspnet_state
2018-07-18 20:54:21	Starting	Changing IIS ApplicationHost.config
2018-07-18 20:54:21	Success 	Changing IIS ApplicationHost.config
2018-07-18 20:54:21	Starting	Pre Registration cleanup
2018-07-18 20:54:21		Starting	Cleaning up registry
2018-07-18 20:54:21		Success 	Cleaning up registry
2018-07-18 20:54:21		Starting	Uninstalling performance counters
2018-07-18 20:54:21		Success 	Uninstalling performance counters
2018-07-18 20:54:21		Starting	Executing inf section: XSP.UninstallPerVer
2018-07-18 20:54:21		Success 	Executing inf section: 
2018-07-18 20:54:21		Starting	Executing inf section: AdminService.Uninstall
2018-07-18 20:54:21		Success 	Executing inf section: 
2018-07-18 20:54:21	Success 	Pre Registration cleanup
2018-07-18 20:54:21	Starting	Executing inf section: XSP.InstallPerVer
2018-07-18 20:54:21	Success 	Executing inf section: 
2018-07-18 20:54:21	Starting	Determining if current ASP.NET isapi has the highest version
2018-07-18 20:54:21	Success 	Determining if current ASP.NET isapi has the highest version
2018-07-18 20:54:21	Starting	Installing WMI file:aspnet.mof
2018-07-18 20:54:21	Success 	Installing WMI file:aspnet.mof
2018-07-18 20:54:21	Starting	Setting ACLs on dirs and WMI
2018-07-18 20:54:21		Starting	Getting location of Temporary ASP.Net directory
2018-07-18 20:54:21		Success 	Getting location of Temporary ASP.Net directory
2018-07-18 20:54:21		Starting	Setting ACLs on Temporary ASP.Net directory
2018-07-18 20:54:21		Success 	Setting ACLs on Temporary ASP.Net directory
2018-07-18 20:54:21		Starting	Setting ACLs on install root directory
2018-07-18 20:54:21		Success 	Setting ACLs on install root directory
2018-07-18 20:54:21		Starting	Setting ACLs on config directory
2018-07-18 20:54:21		Success 	Setting ACLs on config directory
2018-07-18 20:54:21		Starting	Grant access to WMI namespace: root\aspnet
2018-07-18 20:54:21		Success 	Grant access to WMI namespace: root\aspnet
2018-07-18 20:54:21	Success 	Setting ACLs on dirs and WMI
2018-07-18 20:54:21	Starting	Install the ASP.NET Performance counters
2018-07-18 20:54:23	Success 	Install the ASP.NET Performance counters
2018-07-18 20:54:23	Starting	Install common performance counters
2018-07-18 20:54:24	Success 	Install common performance counters
